2025-10-16 18:11:00 [INFO] (GranPremio): Test6.617057095802829
2025-10-16 18:11:28 [INFO] (GranPremio): Test 1
2025-10-16 18:11:36 [INFO] (GranPremio): Test 8
2025-10-16 18:11:44 [INFO] (GranPremio): Test 73
2025-10-16 18:19:33 [INFO] (GranPremio): GranPremio.Caballo@6d06d69c
2025-10-16 18:19:35 [INFO] (GranPremio): GranPremio.Caballo@6d06d69c
2025-10-16 18:23:55 [INFO] (GranPremio): Rocinante 8 30.0 30.0
2025-10-16 18:24:29 [INFO] (GranPremio): Rocinante Exp 0 Peso 20.0 Vel 50.0
2025-10-16 18:24:39 [INFO] (GranPremio): Rocinante Exp 8 Peso 29.926284747277187 Vel 20.0
2025-10-16 18:24:44 [INFO] (GranPremio): Rocinante Exp 0 Peso 30.0 Vel 50.0
2025-10-16 18:24:47 [INFO] (GranPremio): Rocinante Exp 5 Peso 30.0 Vel 50.0
2025-10-16 18:24:48 [INFO] (GranPremio): Rocinante Exp 6 Peso 30.0 Vel 30.234574849254415
2025-10-16 18:24:48 [INFO] (GranPremio): Rocinante Exp 4 Peso 30.0 Vel 50.0
2025-10-16 18:25:20 [INFO] (GranPremio): Rocinante Exp 3 Peso 20.0 Vel 27.98682520979858
2025-10-16 18:39:12 [INFO] (GranPremio): Rocinante Exp 9 Peso 30.0 Vel 20.0
2025-10-16 18:39:29 [INFO] (GranPremio): Rocinante Exp 3 Peso 30.0 Vel 50.0
2025-10-16 18:51:23 [INFO] (Iniciar): Rocinante Exp 8 Peso 30.0 Vel 38.13656752340322
2025-10-16 18:53:26 [INFO] (Iniciar): Rocinante Exp 7 Peso 21.425473644797687 Vel 27.075219475371647
2025-10-16 18:53:49 [INFO] (Iniciar): Rocinante Exp 3 Peso 30.0 Vel 20.0
2025-10-16 18:57:25 [INFO] (Iniciar): Rocinante Exp 6 Peso 27.69417322919152 Vel 50.0
2025-10-16 18:57:55 [INFO] (Iniciar): Rocinante Exp 7 Peso 30.0 Vel 50.0
2025-10-16 18:58:30 [INFO] (Iniciar): Rocinante Exp 8 Peso 30.0 Vel 34.4099212117394
2025-10-16 18:58:43 [INFO] (Iniciar): Rocinante Exp 3 Peso 30.0 Vel 20.459821230087506
2025-11-03 17:18:16 [INFO] (Iniciar): Rocinante Exp 4 Peso 30.0 Vel 50.0
2025-11-03 17:20:36 [INFO] (Iniciar): Rocinante Exp 8 Peso 20.0 Vel 20.0y su jinete es Pepe
2025-11-03 17:21:35 [INFO] (Iniciar): Rocinante Exp 7 Peso 20.0 Vel 48.30507676623096 y su jinete es Pepe
2025-11-03 17:22:14 [INFO] (Iniciar): Carrera1
2025-11-03 17:22:15 [INFO] (Iniciar): Rocinante Exp 3 Peso 30.0 Vel 20.0 y su jinete es Pepe
2025-11-03 17:28:20 [INFO] (Iniciar): Carrera1
2025-11-03 17:28:20 [INFO] (Caballo): Rocinante Exp 4 Peso 30.0 Vel 20.0 y su jinete es Pepe
2025-11-03 17:28:20 [INFO] (Iniciar): null
2025-11-03 17:29:19 [INFO] (Iniciar): Carrera1
2025-11-03 17:29:19 [INFO] (Caballo): Rocinante Exp 7 Peso 30.0 Vel 50.0 y su jinete es Pepe
2025-11-03 17:29:19 [INFO] (Iniciar): null
2025-11-03 17:29:26 [INFO] (Iniciar): Carrera1
2025-11-03 17:29:26 [INFO] (Caballo): Rocinante Exp 4 Peso 30.0 Vel 32.48588165968116 y su jinete es Pepe
2025-11-03 17:29:26 [INFO] (Iniciar): null
2025-11-03 17:34:46 [INFO] (Iniciar): Carrera1
2025-11-03 17:34:46 [INFO] (Caballo): Rocinante Exp 5 Peso 20.745489924598047 Vel 25.0 y su jinete es Pepe
2025-11-03 17:34:46 [INFO] (Iniciar): null
2025-11-03 17:34:48 [INFO] (Iniciar): Carrera1
2025-11-03 17:34:48 [INFO] (Caballo): Rocinante Exp 8 Peso 30.0 Vel 20.0 y su jinete es Pepe
2025-11-03 17:34:48 [INFO] (Iniciar): null
2025-11-03 17:34:50 [INFO] (Iniciar): Carrera1
2025-11-03 17:34:50 [INFO] (Caballo): Rocinante Exp 4 Peso 30.0 Vel 50.0 y su jinete es Pepe
2025-11-03 17:34:50 [INFO] (Iniciar): null
2025-11-03 17:34:51 [INFO] (Iniciar): Carrera1
2025-11-03 17:34:51 [INFO] (Caballo): Rocinante Exp 3 Peso 30.0 Vel 50.0 y su jinete es Pepe
2025-11-03 17:34:51 [INFO] (Iniciar): null
2025-11-03 17:34:51 [INFO] (Iniciar): Carrera1
2025-11-03 17:34:51 [INFO] (Caballo): Rocinante Exp 4 Peso 30.0 Vel 30.0 y su jinete es Pepe
2025-11-03 17:34:51 [INFO] (Iniciar): null
2025-11-03 17:34:52 [INFO] (Iniciar): Carrera1
2025-11-03 17:34:52 [INFO] (Caballo): Rocinante Exp 7 Peso 30.0 Vel 50.0 y su jinete es Pepe
2025-11-03 17:34:52 [INFO] (Iniciar): null
2025-11-03 17:34:53 [INFO] (Iniciar): Carrera1
2025-11-03 17:34:53 [INFO] (Caballo): Rocinante Exp 4 Peso 30.0 Vel 20.0 y su jinete es Pepe
2025-11-03 17:34:53 [INFO] (Iniciar): null
2025-11-03 17:34:54 [INFO] (Iniciar): Carrera1
2025-11-03 17:34:54 [INFO] (Caballo): Rocinante Exp 9 Peso 30.0 Vel 36.0 y su jinete es Pepe
2025-11-03 17:34:54 [INFO] (Iniciar): null
2025-11-03 17:34:55 [INFO] (Iniciar): Carrera1
2025-11-03 17:34:55 [INFO] (Caballo): Rocinante Exp 5 Peso 30.0 Vel 50.0 y su jinete es Pepe
2025-11-03 17:34:55 [INFO] (Iniciar): null
2025-11-03 17:34:56 [INFO] (Iniciar): Carrera1
2025-11-03 17:34:56 [INFO] (Caballo): Rocinante Exp 0 Peso 30.0 Vel 50.0 y su jinete es Pepe
2025-11-03 17:34:56 [INFO] (Iniciar): null
2025-11-03 17:34:57 [INFO] (Iniciar): Carrera1
2025-11-03 17:34:57 [INFO] (Caballo): Rocinante Exp 8 Peso 30.0 Vel 20.0 y su jinete es Pepe
2025-11-03 17:34:57 [INFO] (Iniciar): null
2025-11-03 17:34:58 [INFO] (Iniciar): Carrera1
2025-11-03 17:34:58 [INFO] (Caballo): Rocinante Exp 3 Peso 30.0 Vel 23.0 y su jinete es Pepe
2025-11-03 17:34:58 [INFO] (Iniciar): null
2025-11-03 17:34:59 [INFO] (Iniciar): Carrera1
2025-11-03 17:34:59 [INFO] (Caballo): Rocinante Exp 5 Peso 30.0 Vel 38.0 y su jinete es Pepe
2025-11-03 17:34:59 [INFO] (Iniciar): null
2025-11-03 17:35:00 [INFO] (Iniciar): Carrera1
2025-11-03 17:35:00 [INFO] (Caballo): Rocinante Exp 4 Peso 30.0 Vel 50.0 y su jinete es Pepe
2025-11-03 17:35:00 [INFO] (Iniciar): null
2025-11-03 17:35:01 [INFO] (Iniciar): Carrera1
2025-11-03 17:35:01 [INFO] (Caballo): Rocinante Exp 6 Peso 30.0 Vel 50.0 y su jinete es Pepe
2025-11-03 17:35:01 [INFO] (Iniciar): null
2025-11-03 17:35:02 [INFO] (Iniciar): Carrera1
2025-11-03 17:35:02 [INFO] (Caballo): Rocinante Exp 5 Peso 20.0 Vel 20.0 y su jinete es Pepe
2025-11-03 17:35:02 [INFO] (Iniciar): null
2025-11-03 17:35:03 [INFO] (Iniciar): Carrera1
2025-11-03 17:35:03 [INFO] (Caballo): Rocinante Exp 0 Peso 30.0 Vel 50.0 y su jinete es Pepe
2025-11-03 17:35:03 [INFO] (Iniciar): null
2025-11-03 17:35:04 [INFO] (Iniciar): Carrera1
2025-11-03 17:35:04 [INFO] (Caballo): Rocinante Exp 8 Peso 30.0 Vel 50.0 y su jinete es Pepe
2025-11-03 17:35:04 [INFO] (Iniciar): null
2025-11-03 17:35:05 [INFO] (Iniciar): Carrera1
2025-11-03 17:35:05 [INFO] (Caballo): Rocinante Exp 4 Peso 30.0 Vel 50.0 y su jinete es Pepe
2025-11-03 17:35:05 [INFO] (Iniciar): null
2025-11-03 17:35:06 [INFO] (Iniciar): Carrera1
2025-11-03 17:35:06 [INFO] (Caballo): Rocinante Exp 0 Peso 30.0 Vel 48.0 y su jinete es Pepe
2025-11-03 17:35:06 [INFO] (Iniciar): null
2025-11-03 17:37:18 [INFO] (Iniciar): Carrera1
2025-11-03 17:37:18 [INFO] (Caballo): Rocinante Exp 1 Peso 20.0 Vel 20.0 y su jinete es Pepe
2025-11-03 17:37:18 [INFO] (Iniciar): null
2025-11-03 17:37:19 [INFO] (Iniciar): Carrera1
2025-11-03 17:37:19 [INFO] (Caballo): Rocinante Exp 1 Peso 30.0 Vel 20.0 y su jinete es Pepe
2025-11-03 17:37:19 [INFO] (Iniciar): null
2025-11-03 17:37:20 [INFO] (Iniciar): Carrera1
2025-11-03 17:37:20 [INFO] (Caballo): Rocinante Exp 0 Peso 27.222808518843323 Vel 20.0 y su jinete es Pepe
2025-11-03 17:37:20 [INFO] (Iniciar): null
2025-11-03 17:37:24 [INFO] (Iniciar): Carrera1
2025-11-03 17:37:24 [INFO] (Caballo): Rocinante Exp 3 Peso 27.12839379766272 Vel 25.0 y su jinete es Pepe
2025-11-03 17:37:24 [INFO] (Iniciar): null
2025-11-03 17:37:25 [INFO] (Iniciar): Carrera1
2025-11-03 17:37:25 [INFO] (Caballo): Rocinante Exp 3 Peso 30.0 Vel 20.0 y su jinete es Pepe
2025-11-03 17:37:25 [INFO] (Iniciar): null
2025-11-03 17:41:28 [INFO] (Iniciar): Carrera1
2025-11-03 17:41:28 [INFO] (Caballo): Rocinante Exp 9 Peso 20.0 Vel 20.0 y su jinete es Pepe
2025-11-03 17:41:28 [INFO] (Iniciar): null
2025-11-03 17:41:29 [INFO] (Iniciar): Carrera1
2025-11-03 17:41:29 [INFO] (Caballo): Rocinante Exp 6 Peso 20.0 Vel 20.0 y su jinete es Pepe
2025-11-03 17:41:29 [INFO] (Iniciar): null
2025-11-03 17:41:30 [INFO] (Iniciar): Carrera1
2025-11-03 17:41:30 [INFO] (Caballo): Rocinante Exp 6 Peso 20.0 Vel 20.0 y su jinete es Pepe
2025-11-03 17:41:30 [INFO] (Iniciar): null
2025-11-03 17:41:31 [INFO] (Iniciar): Carrera1
2025-11-03 17:41:31 [INFO] (Caballo): Rocinante Exp 1 Peso 20.0 Vel 20.0 y su jinete es Pepe
2025-11-03 17:41:31 [INFO] (Iniciar): null
2025-11-03 17:41:32 [INFO] (Iniciar): Carrera1
2025-11-03 17:41:32 [INFO] (Caballo): Rocinante Exp 7 Peso 20.0 Vel 20.0 y su jinete es Pepe
2025-11-03 17:41:32 [INFO] (Iniciar): null
2025-11-03 17:41:33 [INFO] (Iniciar): Carrera1
2025-11-03 17:41:33 [INFO] (Caballo): Rocinante Exp 2 Peso 20.0 Vel 20.0 y su jinete es Pepe
2025-11-03 17:41:33 [INFO] (Iniciar): null
2025-11-03 17:41:34 [INFO] (Iniciar): Carrera1
2025-11-03 17:41:34 [INFO] (Caballo): Rocinante Exp 1 Peso 20.0 Vel 20.0 y su jinete es Pepe
2025-11-03 17:41:34 [INFO] (Iniciar): null
2025-11-03 17:41:35 [INFO] (Iniciar): Carrera1
2025-11-03 17:41:35 [INFO] (Caballo): Rocinante Exp 6 Peso 20.0 Vel 20.0 y su jinete es Pepe
2025-11-03 17:41:35 [INFO] (Iniciar): null
2025-11-03 17:41:36 [INFO] (Iniciar): Carrera1
2025-11-03 17:41:36 [INFO] (Caballo): Rocinante Exp 0 Peso 20.0 Vel 20.0 y su jinete es Pepe
2025-11-03 17:41:36 [INFO] (Iniciar): null
2025-11-03 17:41:37 [INFO] (Iniciar): Carrera1
2025-11-03 17:41:37 [INFO] (Caballo): Rocinante Exp 6 Peso 20.0 Vel 20.0 y su jinete es Pepe
2025-11-03 17:41:37 [INFO] (Iniciar): null
2025-11-03 17:41:38 [INFO] (Iniciar): Carrera1
2025-11-03 17:41:38 [INFO] (Caballo): Rocinante Exp 4 Peso 20.0 Vel 20.0 y su jinete es Pepe
2025-11-03 17:41:38 [INFO] (Iniciar): null
2025-11-03 17:41:39 [INFO] (Iniciar): Carrera1
2025-11-03 17:41:39 [INFO] (Caballo): Rocinante Exp 9 Peso 20.0 Vel 20.0 y su jinete es Pepe
2025-11-03 17:41:39 [INFO] (Iniciar): null
2025-11-03 17:41:40 [INFO] (Iniciar): Carrera1
2025-11-03 17:41:40 [INFO] (Caballo): Rocinante Exp 1 Peso 20.0 Vel 20.0 y su jinete es Pepe
2025-11-03 17:41:40 [INFO] (Iniciar): null
2025-11-03 17:42:33 [INFO] (Iniciar): Carrera1
2025-11-03 17:42:33 [INFO] (Caballo): Rocinante Exp 0 Peso 30.0 Vel 50.0 y su jinete es Pepe
2025-11-03 17:42:33 [INFO] (Iniciar): null
2025-11-03 17:42:34 [INFO] (Iniciar): Carrera1
2025-11-03 17:42:34 [INFO] (Caballo): Rocinante Exp 7 Peso 30.0 Vel 50.0 y su jinete es Pepe
2025-11-03 17:42:34 [INFO] (Iniciar): null
2025-11-03 17:42:34 [INFO] (Iniciar): Carrera1
2025-11-03 17:42:34 [INFO] (Caballo): Rocinante Exp 2 Peso 30.0 Vel 20.0 y su jinete es Pepe
2025-11-03 17:42:34 [INFO] (Iniciar): null
2025-11-03 17:42:35 [INFO] (Iniciar): Carrera1
2025-11-03 17:42:35 [INFO] (Caballo): Rocinante Exp 6 Peso 20.0 Vel 50.0 y su jinete es Pepe
2025-11-03 17:42:35 [INFO] (Iniciar): null
2025-11-03 17:42:36 [INFO] (Iniciar): Carrera1
2025-11-03 17:42:36 [INFO] (Caballo): Rocinante Exp 1 Peso 30.0 Vel 50.0 y su jinete es Pepe
2025-11-03 17:42:36 [INFO] (Iniciar): null
2025-11-03 17:42:37 [INFO] (Iniciar): Carrera1
2025-11-03 17:42:37 [INFO] (Caballo): Rocinante Exp 0 Peso 30.0 Vel 23.0 y su jinete es Pepe
2025-11-03 17:42:37 [INFO] (Iniciar): null
2025-11-03 17:42:38 [INFO] (Iniciar): Carrera1
2025-11-03 17:42:38 [INFO] (Caballo): Rocinante Exp 7 Peso 30.0 Vel 50.0 y su jinete es Pepe
2025-11-03 17:42:38 [INFO] (Iniciar): null
2025-11-03 17:42:39 [INFO] (Iniciar): Carrera1
2025-11-03 17:42:39 [INFO] (Caballo): Rocinante Exp 7 Peso 30.0 Vel 50.0 y su jinete es Pepe
2025-11-03 17:42:39 [INFO] (Iniciar): null
2025-11-03 17:42:40 [INFO] (Iniciar): Carrera1
2025-11-03 17:42:40 [INFO] (Caballo): Rocinante Exp 6 Peso 30.0 Vel 20.0 y su jinete es Pepe
2025-11-03 17:42:40 [INFO] (Iniciar): null
2025-11-03 17:42:41 [INFO] (Iniciar): Carrera1
2025-11-03 17:42:41 [INFO] (Caballo): Rocinante Exp 3 Peso 30.0 Vel 50.0 y su jinete es Pepe
2025-11-03 17:42:41 [INFO] (Iniciar): null
2025-11-03 17:42:42 [INFO] (Iniciar): Carrera1
2025-11-03 17:42:42 [INFO] (Caballo): Rocinante Exp 9 Peso 30.0 Vel 50.0 y su jinete es Pepe
2025-11-03 17:42:42 [INFO] (Iniciar): null
2025-11-03 17:42:46 [INFO] (Iniciar): Carrera1
2025-11-03 17:42:46 [INFO] (Caballo): Rocinante Exp 0 Peso 24.0 Vel 50.0 y su jinete es Pepe
2025-11-03 17:42:46 [INFO] (Iniciar): null
2025-11-03 17:42:48 [INFO] (Iniciar): Carrera1
2025-11-03 17:42:48 [INFO] (Caballo): Rocinante Exp 0 Peso 20.0 Vel 20.0 y su jinete es Pepe
2025-11-03 17:42:48 [INFO] (Iniciar): null
2025-11-03 17:42:49 [INFO] (Iniciar): Carrera1
2025-11-03 17:42:49 [INFO] (Caballo): Rocinante Exp 9 Peso 30.0 Vel 50.0 y su jinete es Pepe
2025-11-03 17:42:49 [INFO] (Iniciar): null
2025-11-03 20:09:32 [INFO] (Iniciar): Carrera1
2025-11-03 20:09:32 [INFO] (Iniciar): COMIENZA LA PRIMERA CARRERA
2025-11-03 20:09:32 [INFO] (Caballo): La base aleatoria es1
2025-11-03 20:09:32 [INFO] (Caballo): El caballo Rocinante avanza 0
2025-11-03 20:09:32 [INFO] (Caballo): La base aleatoria es7
2025-11-03 20:09:32 [INFO] (Caballo): El caballo caballo2 avanza 0
2025-11-03 20:09:32 [INFO] (Caballo): La base aleatoria es3
2025-11-03 20:09:32 [INFO] (Caballo): El caballo caballo3 avanza 0
2025-11-03 20:09:32 [INFO] (Caballo): La base aleatoria es8
2025-11-03 20:09:32 [INFO] (Caballo): El caballo Rocinante avanza 0
2025-11-03 20:09:32 [INFO] (Caballo): La base aleatoria es5
2025-11-03 20:09:32 [INFO] (Caballo): El caballo caballo2 avanza 0
2025-11-03 20:09:32 [INFO] (Caballo): La base aleatoria es6
2025-11-03 20:09:32 [INFO] (Caballo): El caballo caballo3 avanza 0
2025-11-03 20:09:32 [INFO] (Caballo): La base aleatoria es3
2025-11-03 20:09:32 [INFO] (Caballo): El caballo Rocinante avanza 0
2025-11-03 20:09:32 [INFO] (Caballo): La base aleatoria es0
2025-11-03 20:09:32 [INFO] (Caballo): El caballo caballo2 avanza 0
2025-11-03 20:09:32 [INFO] (Caballo): La base aleatoria es2
2025-11-03 20:09:32 [INFO] (Caballo): El caballo caballo3 avanza 0
2025-11-03 20:12:01 [INFO] (Caballo): Rocinante Exp 5 Peso 25.0 Vel 24 y su jinete es Pepe
2025-11-03 20:12:01 [INFO] (Caballo): caballo2 Exp 9 Peso 26.0 Vel 36 y su jinete es Paco
2025-11-03 20:12:01 [INFO] (Caballo): caballo3 Exp 5 Peso 28.0 Vel 35 y su jinete es Pedro
2025-11-03 20:12:01 [INFO] (Iniciar): Carrera1
2025-11-03 20:12:01 [INFO] (Iniciar): COMIENZA LA PRIMERA CARRERA
2025-11-03 20:12:01 [INFO] (Caballo): La base aleatoria es 6
2025-11-03 20:12:01 [INFO] (Caballo): El caballo Rocinante avanza 10
2025-11-03 20:12:01 [INFO] (Caballo): La base aleatoria es 4
2025-11-03 20:12:01 [INFO] (Caballo): El caballo caballo2 avanza 23
2025-11-03 20:12:01 [INFO] (Caballo): La base aleatoria es 8
2025-11-03 20:12:01 [INFO] (Caballo): El caballo caballo3 avanza 20
2025-11-03 20:12:01 [INFO] (Caballo): La base aleatoria es 0
2025-11-03 20:12:01 [INFO] (Caballo): El caballo Rocinante avanza 4
2025-11-03 20:12:01 [INFO] (Caballo): La base aleatoria es 4
2025-11-03 20:12:01 [INFO] (Caballo): El caballo caballo2 avanza 23
2025-11-03 20:12:01 [INFO] (Caballo): La base aleatoria es 3
2025-11-03 20:12:01 [INFO] (Caballo): El caballo caballo3 avanza 15
2025-11-03 20:12:01 [INFO] (Caballo): La base aleatoria es 7
2025-11-03 20:12:01 [INFO] (Caballo): El caballo Rocinante avanza 11
2025-11-03 20:12:01 [INFO] (Caballo): La base aleatoria es 2
2025-11-03 20:12:01 [INFO] (Caballo): El caballo caballo2 avanza 21
2025-11-03 20:12:01 [INFO] (Caballo): La base aleatoria es 2
2025-11-03 20:12:01 [INFO] (Caballo): El caballo caballo3 avanza 14
2025-11-03 20:24:48 [INFO] (Caballo): Rocinante Exp 2 Peso 20.0 Vel 47 y su jinete es Pepe
2025-11-03 20:24:48 [INFO] (Caballo): caballo2 Exp 4 Peso 28.0 Vel 22 y su jinete es Paco
2025-11-03 20:24:48 [INFO] (Caballo): caballo3 Exp 0 Peso 26.0 Vel 36 y su jinete es Pedro
2025-11-03 20:24:48 [INFO] (Iniciar): Carrera1
2025-11-03 20:24:48 [INFO] (Iniciar): Comienza la carrera Carrera1
2025-11-03 20:24:48 [INFO] (Caballo): La base aleatoria es 2
2025-11-03 20:24:48 [INFO] (Caballo): El caballo Rocinante avanza 31
2025-11-03 20:24:48 [INFO] (Caballo): La base aleatoria es 4
2025-11-03 20:24:48 [INFO] (Caballo): El caballo caballo2 avanza 2
2025-11-03 20:24:48 [INFO] (Caballo): La base aleatoria es 1
2025-11-03 20:24:48 [INFO] (Caballo): El caballo caballo3 avanza 11
2025-11-03 20:24:48 [INFO] (Iniciar): Fin de la carrera Carrera1
